<?xml version="1.0" encoding="UTF-8"?>
<!-- Generated by org.testng.reporters.JUnitReportReporter -->
<testsuite hostname="HP" failures="0" tests="1" name="Tests.Patch" time="1.780" errors="0" timestamp="2023-08-22T09:23:37 IST" skipped="0">
  <testcase classname="Tests.Patch" name="postreq" time="1.780"/>
</testsuite> <!-- Tests.Patch -->
