<?xml version="1.0" encoding="UTF-8"?>
<!-- Generated by org.testng.reporters.JUnitReportReporter -->
<testsuite hostname="HP" failures="0" tests="1" name="Tests.Post" time="1.562" errors="0" timestamp="2023-08-22T09:35:19 IST" skipped="0">
  <testcase classname="Tests.Post" name="postreq" time="1.562"/>
</testsuite> <!-- Tests.Post -->
