<?xml version="1.0" encoding="UTF-8"?>
<!-- Generated by org.testng.reporters.JUnitReportReporter -->
<testsuite hostname="HP" failures="0" tests="1" name="Tests.Get" time="1.654" errors="0" timestamp="2023-08-22T09:35:33 IST" skipped="0">
  <testcase classname="Tests.Get" name="getreq" time="1.654"/>
</testsuite> <!-- Tests.Get -->
