<?xml version="1.0" encoding="UTF-8"?>
<!-- Generated by org.testng.reporters.JUnitReportReporter -->
<testsuite hostname="HP" failures="0" tests="1" name="Tests.Put" time="1.762" errors="0" timestamp="2023-08-22T09:21:44 IST" skipped="0">
  <testcase classname="Tests.Put" name="postreq" time="1.762"/>
</testsuite> <!-- Tests.Put -->
