<?xml version="1.0" encoding="UTF-8"?>
<!-- Generated by org.testng.reporters.JUnitReportReporter -->
<testsuite hostname="HP" failures="0" tests="1" name="Tests.Delete" time="1.458" errors="0" timestamp="2023-08-22T09:26:50 IST" skipped="0">
  <testcase classname="Tests.Delete" name="postreq" time="1.458"/>
</testsuite> <!-- Tests.Delete -->
